<?xml version="1.0" encoding="UTF-8"?>
<coverage generated="1538056344872" clover="3.2.0">
  <project timestamp="1538056344872" name="All files">
    <metrics statements="78" coveredstatements="78" conditionals="43" coveredconditionals="26" methods="19" coveredmethods="16" elements="140" coveredelements="120" complexity="0" loc="78" ncloc="78" packages="1" files="1" classes="1">
      <file name="index.js" path="/Users/tandemseven/T7/t7-components/image/source/index.js">
        <metrics statements="78" coveredstatements="78" conditionals="43" coveredconditionals="26" methods="19" coveredmethods="16"/>
        <line num="9" count="1" type="stmt"/>
        <line num="10" count="1" type="stmt"/>
        <line num="21" count="1" type="stmt"/>
        <line num="24" count="1" type="stmt"/>
        <line num="31" count="1" type="stmt"/>
        <line num="38" count="1" type="stmt"/>
        <line num="45" count="1" type="stmt"/>
        <line num="53" count="2" type="stmt"/>
        <line num="57" count="2" type="stmt"/>
        <line num="64" count="2" type="stmt"/>
        <line num="67" count="2" type="stmt"/>
        <line num="76" count="1" type="stmt"/>
        <line num="83" count="1" type="stmt"/>
        <line num="86" count="1" type="stmt"/>
        <line num="89" count="1" type="stmt"/>
        <line num="97" count="1" type="cond" truecount="1" falsecount="1"/>
        <line num="99" count="1" type="stmt"/>
        <line num="102" count="1" type="stmt"/>
        <line num="105" count="1" type="stmt"/>
        <line num="109" count="1" type="cond" truecount="1" falsecount="1"/>
        <line num="115" count="1" type="stmt"/>
        <line num="123" count="1" type="stmt"/>
        <line num="130" count="1" type="stmt"/>
        <line num="133" count="1" type="stmt"/>
        <line num="141" count="3" type="stmt"/>
        <line num="142" count="3" type="stmt"/>
        <line num="149" count="2" type="stmt"/>
        <line num="150" count="2" type="stmt"/>
        <line num="151" count="2" type="stmt"/>
        <line num="159" count="1" type="stmt"/>
        <line num="162" count="1" type="stmt"/>
        <line num="169" count="1" type="cond" truecount="1" falsecount="1"/>
        <line num="171" count="1" type="stmt"/>
        <line num="174" count="1" type="stmt"/>
        <line num="183" count="2" type="stmt"/>
        <line num="187" count="2" type="cond" truecount="2" falsecount="0"/>
        <line num="188" count="1" type="stmt"/>
        <line num="192" count="2" type="cond" truecount="2" falsecount="0"/>
        <line num="193" count="1" type="stmt"/>
        <line num="205" count="1" type="stmt"/>
        <line num="210" count="1" type="stmt"/>
        <line num="213" count="1" type="stmt"/>
        <line num="216" count="1" type="stmt"/>
        <line num="219" count="1" type="cond" truecount="1" falsecount="1"/>
        <line num="221" count="1" type="stmt"/>
        <line num="230" count="1" type="cond" truecount="1" falsecount="1"/>
        <line num="231" count="1" type="stmt"/>
        <line num="235" count="1" type="stmt"/>
        <line num="254" count="1" type="cond" truecount="1" falsecount="1"/>
        <line num="255" count="1" type="cond" truecount="1" falsecount="1"/>
        <line num="258" count="1" type="stmt"/>
        <line num="280" count="6" type="cond" truecount="1" falsecount="1"/>
        <line num="286" count="6" type="cond" truecount="2" falsecount="0"/>
        <line num="287" count="1" type="stmt"/>
        <line num="291" count="6" type="stmt"/>
        <line num="294" count="6" type="stmt"/>
        <line num="300" count="6" type="cond" truecount="2" falsecount="0"/>
        <line num="301" count="1" type="stmt"/>
        <line num="305" count="5" type="stmt"/>
        <line num="314" count="6" type="stmt"/>
        <line num="315" count="9" type="cond" truecount="1" falsecount="1"/>
        <line num="320" count="6" type="stmt"/>
        <line num="323" count="6" type="cond" truecount="2" falsecount="0"/>
        <line num="324" count="3" type="stmt"/>
        <line num="328" count="6" type="cond" truecount="2" falsecount="0"/>
        <line num="330" count="3" type="cond" truecount="0" falsecount="1"/>
        <line num="332" count="3" type="cond" truecount="0" falsecount="1"/>
        <line num="334" count="3" type="cond" truecount="1" falsecount="1"/>
        <line num="336" count="3" type="cond" truecount="1" falsecount="1"/>
        <line num="340" count="3" type="cond" truecount="1" falsecount="1"/>
        <line num="347" count="3" type="stmt"/>
        <line num="354" count="3" type="stmt"/>
        <line num="359" count="6" type="stmt"/>
        <line num="371" count="1" type="stmt"/>
        <line num="377" count="1" type="stmt"/>
        <line num="389" count="1" type="stmt"/>
        <line num="396" count="1" type="stmt"/>
        <line num="489" count="1" type="stmt"/>
      </file>
    </metrics>
  </project>
</coverage>
