{"/Users/tandemseven/T7/t7-components/image/source/index.js": {"path":"/Users/tandemseven/T7/t7-components/image/source/index.js","statementMap":{"0":{"start":{"line":2,"column":0},"end":{"line":null,"column":-1}},"1":{"start":{"line":3,"column":0},"end":{"line":null,"column":-1}},"2":{"start":{"line":6,"column":0},"end":{"line":null,"column":-1}},"3":{"start":{"line":15,"column":22},"end":{"line":null,"column":-1}},"4":{"start":{"line":17,"column":4},"end":{"line":15,"column":22}},"5":{"start":{"line":20,"column":4},"end":{"line":null,"column":-1}},"6":{"start":{"line":27,"column":4},"end":{"line":null,"column":-1}},"7":{"start":{"line":34,"column":4},"end":{"line":null,"column":-1}},"8":{"start":{"line":41,"column":4},"end":{"line":null,"column":-1}},"9":{"start":{"line":48,"column":4},"end":{"line":null,"column":-1}},"10":{"start":{"line":66,"column":8},"end":{"line":52,"column":23}},"11":{"start":{"line":52,"column":23},"end":{"line":52,"column":22}},"12":{"start":{"line":70,"column":6},"end":{"line":69,"column":4}},"13":{"start":{"line":73,"column":4},"end":{"line":52,"column":23}},"14":{"start":{"line":76,"column":4},"end":{"line":76,"column":21}},"15":{"start":{"line":94,"column":8},"end":{"line":80,"column":26}},"16":{"start":{"line":80,"column":26},"end":{"line":80,"column":25}},"17":{"start":{"line":98,"column":6},"end":{"line":97,"column":4}},"18":{"start":{"line":101,"column":4},"end":{"line":80,"column":26}},"19":{"start":{"line":104,"column":4},"end":{"line":104,"column":24}},"20":{"start":{"line":108,"column":38},"end":{"line":108,"column":37}},"21":{"start":{"line":114,"column":8},"end":{"line":108,"column":38}},"22":{"start":{"line":132,"column":8},"end":{"line":108,"column":38}},"23":{"start":{"line":135,"column":4},"end":{"line":108,"column":38}},"24":{"start":{"line":136,"column":6},"end":{"line":135,"column":25}},"25":{"start":{"line":139,"column":6},"end":{"line":null,"column":-1}},"26":{"start":{"line":141,"column":6},"end":{"line":141,"column":23}},"27":{"start":{"line":145,"column":4},"end":{"line":157,"column":5}},"28":{"start":{"line":150,"column":8},"end":{"line":149,"column":6}},"29":{"start":{"line":153,"column":8},"end":{"line":152,"column":6}},"30":{"start":{"line":155,"column":6},"end":{"line":null,"column":-1}},"31":{"start":{"line":156,"column":6},"end":{"line":null,"column":-1}},"32":{"start":{"line":171,"column":8},"end":{"line":163,"column":23}},"33":{"start":{"line":173,"column":4},"end":{"line":null,"column":-1}},"34":{"start":{"line":174,"column":4},"end":{"line":null,"column":-1}},"35":{"start":{"line":190,"column":8},"end":{"line":180,"column":26}},"36":{"start":{"line":192,"column":4},"end":{"line":null,"column":-1}},"37":{"start":{"line":193,"column":4},"end":{"line":null,"column":-1}},"38":{"start":{"line":194,"column":4},"end":{"line":null,"column":-1}},"39":{"start":{"line":208,"column":8},"end":{"line":200,"column":21}},"40":{"start":{"line":211,"column":4},"end":{"line":200,"column":21}},"41":{"start":{"line":214,"column":4},"end":{"line":null,"column":-1}},"42":{"start":{"line":227,"column":8},"end":{"line":220,"column":22}},"43":{"start":{"line":229,"column":4},"end":{"line":231,"column":5}},"44":{"start":{"line":230,"column":6},"end":{"line":null,"column":-1}},"45":{"start":{"line":237,"column":27},"end":{"line":237,"column":26}},"46":{"start":{"line":250,"column":8},"end":{"line":237,"column":27}},"47":{"start":{"line":253,"column":4},"end":{"line":237,"column":27}},"48":{"start":{"line":257,"column":4},"end":{"line":237,"column":27}},"49":{"start":{"line":258,"column":6},"end":{"line":null,"column":-1}},"50":{"start":{"line":262,"column":4},"end":{"line":267,"column":5}},"51":{"start":{"line":263,"column":6},"end":{"line":null,"column":-1}},"52":{"start":{"line":286,"column":8},"end":{"line":273,"column":20}},"53":{"start":{"line":273,"column":20},"end":{"line":273,"column":19}},"54":{"start":{"line":289,"column":4},"end":{"line":null,"column":-1}},"55":{"start":{"line":292,"column":4},"end":{"line":273,"column":20}},"56":{"start":{"line":293,"column":6},"end":{"line":null,"column":-1}},"57":{"start":{"line":301,"column":4},"end":{"line":273,"column":20}},"58":{"start":{"line":302,"column":6},"end":{"line":null,"column":-1}},"59":{"start":{"line":306,"column":4},"end":{"line":null,"column":-1}},"60":{"start":{"line":325,"column":14},"end":{"line":325,"column":4}},"61":{"start":{"line":326,"column":14},"end":{"line":326,"column":4}},"62":{"start":{"line":329,"column":4},"end":{"line":null,"column":-1}},"63":{"start":{"line":353,"column":8},"end":{"line":348,"column":51}},"64":{"start":{"line":357,"column":6},"end":{"line":356,"column":4}},"65":{"start":{"line":363,"column":4},"end":{"line":348,"column":51}},"66":{"start":{"line":364,"column":6},"end":{"line":363,"column":37}},"67":{"start":{"line":368,"column":6},"end":{"line":null,"column":-1}},"68":{"start":{"line":377,"column":6},"end":{"line":376,"column":4}},"69":{"start":{"line":378,"column":8},"end":{"line":null,"column":-1}},"70":{"start":{"line":383,"column":6},"end":{"line":382,"column":4}},"71":{"start":{"line":385,"column":4},"end":{"line":348,"column":51}},"72":{"start":{"line":386,"column":6},"end":{"line":null,"column":-1}},"73":{"start":{"line":390,"column":4},"end":{"line":348,"column":51}},"74":{"start":{"line":392,"column":16},"end":{"line":392,"column":6}},"75":{"start":{"line":392,"column":34},"end":{"line":392,"column":33}},"76":{"start":{"line":394,"column":8},"end":{"line":null,"column":-1}},"77":{"start":{"line":394,"column":40},"end":{"line":394,"column":39}},"78":{"start":{"line":399,"column":14},"end":{"line":394,"column":40}},"79":{"start":{"line":402,"column":10},"end":{"line":408,"column":11}},"80":{"start":{"line":404,"column":12},"end":{"line":402,"column":37}},"81":{"start":{"line":407,"column":12},"end":{"line":407,"column":26}},"82":{"start":{"line":413,"column":22},"end":{"line":413,"column":6}},"83":{"start":{"line":420,"column":8},"end":{"line":419,"column":6}},"84":{"start":{"line":423,"column":6},"end":{"line":null,"column":-1}},"85":{"start":{"line":427,"column":4},"end":{"line":null,"column":-1}},"86":{"start":{"line":438,"column":12},"end":{"line":null,"column":-1}},"87":{"start":{"line":451,"column":8},"end":{"line":438,"column":12}},"88":{"start":{"line":438,"column":12},"end":{"line":438,"column":11}},"89":{"start":{"line":454,"column":6},"end":{"line":453,"column":4}},"90":{"start":{"line":457,"column":26},"end":{"line":457,"column":4}},"91":{"start":{"line":464,"column":8},"end":{"line":null,"column":-1}},"92":{"start":{"line":469,"column":4},"end":{"line":null,"column":-1}},"93":{"start":{"line":478,"column":0},"end":{"line":null,"column":-1}},"94":{"start":{"line":563,"column":0},"end":{"line":null,"column":-1}}},"fnMap":{"0":{"name":"(anonymous_27)","decl":{"start":{"line":377,"column":15},"end":{"line":377,"column":15}},"loc":{"start":{"line":377,"column":25},"end":{"line":377,"column":6}}},"1":{"name":"f","decl":{"start":{"line":392,"column":12},"end":{"line":392,"column":16}},"loc":{"start":{"line":392,"column":34},"end":{"line":392,"column":6}}},"2":{"name":"(anonymous_29)","decl":{"start":{"line":394,"column":24},"end":{"line":394,"column":39}},"loc":{"start":{"line":394,"column":40},"end":{"line":394,"column":8}}},"3":{"name":"ref","decl":{"start":{"line":463,"column":11},"end":{"line":463,"column":11}},"loc":{"start":{"line":463,"column":19},"end":{"line":457,"column":26}}},"4":{"name":"onFallback","decl":{"start":{"line":571,"column":14},"end":{"line":571,"column":19}},"loc":{"start":{"line":571,"column":20},"end":{"line":563,"column":21}}},"5":{"name":"onIntersection","decl":{"start":{"line":572,"column":18},"end":{"line":572,"column":23}},"loc":{"start":{"line":572,"column":24},"end":{"line":563,"column":21}}},"6":{"name":"onLoad","decl":{"start":{"line":573,"column":10},"end":{"line":573,"column":15}},"loc":{"start":{"line":573,"column":16},"end":{"line":563,"column":21}}}},"branchMap":{"0":{"loc":{"start":{"line":108,"column":38},"end":{"line":108,"column":33}},"type":"cond-expr","locations":[{"start":{"line":108,"column":38},"end":{"line":108,"column":33}},{"start":{"line":108,"column":34},"end":{"line":108,"column":38}}]},"1":{"loc":{"start":{"line":108,"column":38},"end":{"line":108,"column":33}},"type":"binary-expr","locations":[{"start":{"line":108,"column":38},"end":{"line":108,"column":33}},{"start":{"line":108,"column":38},"end":{"line":108,"column":33}}]},"2":{"loc":{"start":{"line":135,"column":4},"end":{"line":108,"column":38}},"type":"if","locations":[{"start":{"line":135,"column":4},"end":{"line":108,"column":38}},{"start":{"line":135,"column":4},"end":{"line":108,"column":38}}]},"3":{"loc":{"start":{"line":145,"column":4},"end":{"line":157,"column":5}},"type":"if","locations":[{"start":{"line":145,"column":4},"end":{"line":157,"column":5}},{"start":{"line":145,"column":4},"end":{"line":157,"column":5}}]},"4":{"loc":{"start":{"line":146,"column":6},"end":{"line":146,"column":5}},"type":"binary-expr","locations":[{"start":{"line":146,"column":6},"end":{"line":146,"column":5}},{"start":{"line":147,"column":6},"end":{"line":145,"column":4}}]},"5":{"loc":{"start":{"line":229,"column":4},"end":{"line":231,"column":5}},"type":"if","locations":[{"start":{"line":229,"column":4},"end":{"line":231,"column":5}},{"start":{"line":229,"column":4},"end":{"line":231,"column":5}}]},"6":{"loc":{"start":{"line":237,"column":27},"end":{"line":237,"column":22}},"type":"cond-expr","locations":[{"start":{"line":237,"column":27},"end":{"line":237,"column":22}},{"start":{"line":237,"column":23},"end":{"line":237,"column":27}}]},"7":{"loc":{"start":{"line":237,"column":27},"end":{"line":237,"column":22}},"type":"binary-expr","locations":[{"start":{"line":237,"column":27},"end":{"line":237,"column":22}},{"start":{"line":237,"column":27},"end":{"line":237,"column":22}}]},"8":{"loc":{"start":{"line":257,"column":4},"end":{"line":237,"column":27}},"type":"if","locations":[{"start":{"line":257,"column":4},"end":{"line":237,"column":27}},{"start":{"line":257,"column":4},"end":{"line":237,"column":27}}]},"9":{"loc":{"start":{"line":262,"column":4},"end":{"line":267,"column":5}},"type":"if","locations":[{"start":{"line":262,"column":4},"end":{"line":267,"column":5}},{"start":{"line":262,"column":4},"end":{"line":267,"column":5}}]},"10":{"loc":{"start":{"line":292,"column":4},"end":{"line":273,"column":20}},"type":"if","locations":[{"start":{"line":292,"column":4},"end":{"line":273,"column":20}},{"start":{"line":292,"column":4},"end":{"line":273,"column":20}}]},"11":{"loc":{"start":{"line":294,"column":8},"end":{"line":296,"column":18}},"type":"cond-expr","locations":[{"start":{"line":294,"column":8},"end":{"line":296,"column":18}},{"start":{"line":294,"column":8},"end":{"line":293,"column":6}}]},"12":{"loc":{"start":{"line":301,"column":4},"end":{"line":273,"column":20}},"type":"if","locations":[{"start":{"line":301,"column":4},"end":{"line":273,"column":20}},{"start":{"line":301,"column":4},"end":{"line":273,"column":20}}]},"13":{"loc":{"start":{"line":325,"column":14},"end":{"line":325,"column":13}},"type":"binary-expr","locations":[{"start":{"line":325,"column":14},"end":{"line":325,"column":13}},{"start":{"line":325,"column":31},"end":{"line":325,"column":4}}]},"14":{"loc":{"start":{"line":326,"column":14},"end":{"line":326,"column":13}},"type":"binary-expr","locations":[{"start":{"line":326,"column":14},"end":{"line":326,"column":13}},{"start":{"line":326,"column":32},"end":{"line":326,"column":4}}]},"15":{"loc":{"start":{"line":363,"column":4},"end":{"line":348,"column":51}},"type":"if","locations":[{"start":{"line":363,"column":4},"end":{"line":348,"column":51}},{"start":{"line":363,"column":4},"end":{"line":348,"column":51}}]},"16":{"loc":{"start":{"line":378,"column":15},"end":{"line":378,"column":14}},"type":"binary-expr","locations":[{"start":{"line":378,"column":15},"end":{"line":378,"column":14}},{"start":{"line":378,"column":31},"end":{"line":378,"column":8}}]},"17":{"loc":{"start":{"line":385,"column":4},"end":{"line":348,"column":51}},"type":"if","locations":[{"start":{"line":385,"column":4},"end":{"line":348,"column":51}},{"start":{"line":385,"column":4},"end":{"line":348,"column":51}}]},"18":{"loc":{"start":{"line":390,"column":4},"end":{"line":348,"column":51}},"type":"if","locations":[{"start":{"line":390,"column":4},"end":{"line":348,"column":51}},{"start":{"line":390,"column":4},"end":{"line":348,"column":51}}]},"19":{"loc":{"start":{"line":392,"column":34},"end":{"line":392,"column":26}},"type":"cond-expr","locations":[{"start":{"line":392,"column":34},"end":{"line":392,"column":26}},{"start":{"line":392,"column":27},"end":{"line":392,"column":34}}]},"20":{"loc":{"start":{"line":392,"column":34},"end":{"line":392,"column":26}},"type":"binary-expr","locations":[{"start":{"line":392,"column":34},"end":{"line":392,"column":26}},{"start":{"line":392,"column":34},"end":{"line":392,"column":26}}]},"21":{"loc":{"start":{"line":394,"column":40},"end":{"line":394,"column":32}},"type":"cond-expr","locations":[{"start":{"line":394,"column":40},"end":{"line":394,"column":32}},{"start":{"line":394,"column":33},"end":{"line":394,"column":40}}]},"22":{"loc":{"start":{"line":394,"column":40},"end":{"line":394,"column":32}},"type":"binary-expr","locations":[{"start":{"line":394,"column":40},"end":{"line":394,"column":32}},{"start":{"line":394,"column":40},"end":{"line":394,"column":32}}]},"23":{"loc":{"start":{"line":402,"column":10},"end":{"line":408,"column":11}},"type":"if","locations":[{"start":{"line":402,"column":10},"end":{"line":408,"column":11}},{"start":{"line":402,"column":10},"end":{"line":408,"column":11}}]}},"s":{"0":0,"1":0,"2":0,"3":0,"4":0,"5":0,"6":0,"7":0,"8":0,"9":0,"10":0,"11":0,"12":0,"13":0,"14":0,"15":0,"16":0,"17":0,"18":0,"19":0,"20":0,"21":0,"22":0,"23":0,"24":0,"25":0,"26":0,"27":0,"28":0,"29":0,"30":0,"31":0,"32":0,"33":0,"34":0,"35":0,"36":0,"37":0,"38":0,"39":0,"40":0,"41":0,"42":0,"43":0,"44":0,"45":0,"46":0,"47":0,"48":0,"49":0,"50":0,"51":0,"52":0,"53":0,"54":0,"55":0,"56":0,"57":0,"58":0,"59":0,"60":0,"61":0,"62":0,"63":0,"64":0,"65":0,"66":0,"67":0,"68":0,"69":0,"70":0,"71":0,"72":0,"73":0,"74":0,"75":0,"76":0,"77":0,"78":0,"79":0,"80":0,"81":0,"82":0,"83":0,"84":0,"85":0,"86":0,"87":0,"88":0,"89":0,"90":0,"91":0,"92":0,"93":0,"94":0},"f":{"0":0,"1":0,"2":0,"3":0,"4":0,"5":0,"6":0},"b":{"0":[0,0],"1":[0,0],"2":[0,0],"3":[0,0],"4":[0,0],"5":[0,0],"6":[0,0],"7":[0,0],"8":[0,0],"9":[0,0],"10":[0,0],"11":[0,0],"12":[0,0],"13":[0,0],"14":[0,0],"15":[0,0],"16":[0,0],"17":[0,0],"18":[0,0],"19":[0,0],"20":[0,0],"21":[0,0],"22":[0,0],"23":[0,0]}}
}
