{"/Users/tandemseven/T7/t7-components/image/source/index.js": {"path":"/Users/tandemseven/T7/t7-components/image/source/index.js","statementMap":{"0":{"start":{"line":17,"column":4},"end":{"line":17,"column":16}},"1":{"start":{"line":20,"column":4},"end":{"line":20,"column":14}},"2":{"start":{"line":27,"column":4},"end":{"line":27,"column":35}},"3":{"start":{"line":34,"column":4},"end":{"line":34,"column":21}},"4":{"start":{"line":41,"column":4},"end":{"line":41,"column":50}},"5":{"start":{"line":48,"column":4},"end":{"line":48,"column":28}},"6":{"start":{"line":66,"column":8},"end":{"line":66,"column":12}},"7":{"start":{"line":70,"column":6},"end":{"line":70,"column":53}},"8":{"start":{"line":73,"column":4},"end":{"line":73,"column":39}},"9":{"start":{"line":76,"column":4},"end":{"line":76,"column":23}},"10":{"start":{"line":94,"column":8},"end":{"line":94,"column":12}},"11":{"start":{"line":98,"column":6},"end":{"line":98,"column":53}},"12":{"start":{"line":101,"column":4},"end":{"line":101,"column":41}},"13":{"start":{"line":104,"column":4},"end":{"line":104,"column":26}},"14":{"start":{"line":114,"column":8},"end":{"line":114,"column":17}},"15":{"start":{"line":132,"column":8},"end":{"line":132,"column":12}},"16":{"start":{"line":135,"column":4},"end":{"line":142,"column":5}},"17":{"start":{"line":136,"column":6},"end":{"line":136,"column":28}},"18":{"start":{"line":139,"column":6},"end":{"line":139,"column":25}},"19":{"start":{"line":141,"column":6},"end":{"line":141,"column":25}},"20":{"start":{"line":145,"column":4},"end":{"line":157,"column":5}},"21":{"start":{"line":150,"column":8},"end":{"line":150,"column":63}},"22":{"start":{"line":153,"column":8},"end":{"line":153,"column":55}},"23":{"start":{"line":155,"column":6},"end":{"line":155,"column":47}},"24":{"start":{"line":156,"column":6},"end":{"line":156,"column":41}},"25":{"start":{"line":171,"column":8},"end":{"line":171,"column":12}},"26":{"start":{"line":173,"column":4},"end":{"line":173,"column":55}},"27":{"start":{"line":174,"column":4},"end":{"line":174,"column":57}},"28":{"start":{"line":190,"column":8},"end":{"line":190,"column":12}},"29":{"start":{"line":192,"column":4},"end":{"line":192,"column":50}},"30":{"start":{"line":193,"column":4},"end":{"line":193,"column":58}},"31":{"start":{"line":194,"column":4},"end":{"line":194,"column":60}},"32":{"start":{"line":208,"column":8},"end":{"line":208,"column":12}},"33":{"start":{"line":211,"column":4},"end":{"line":211,"column":47}},"34":{"start":{"line":214,"column":4},"end":{"line":214,"column":29}},"35":{"start":{"line":227,"column":8},"end":{"line":227,"column":12}},"36":{"start":{"line":229,"column":4},"end":{"line":231,"column":5}},"37":{"start":{"line":230,"column":6},"end":{"line":230,"column":26}},"38":{"start":{"line":250,"column":8},"end":{"line":250,"column":12}},"39":{"start":{"line":253,"column":4},"end":{"line":254,"column":36}},"40":{"start":{"line":257,"column":4},"end":{"line":259,"column":5}},"41":{"start":{"line":258,"column":6},"end":{"line":258,"column":19}},"42":{"start":{"line":262,"column":4},"end":{"line":267,"column":5}},"43":{"start":{"line":263,"column":6},"end":{"line":266,"column":8}},"44":{"start":{"line":286,"column":8},"end":{"line":286,"column":12}},"45":{"start":{"line":289,"column":4},"end":{"line":290,"column":33}},"46":{"start":{"line":292,"column":4},"end":{"line":298,"column":5}},"47":{"start":{"line":293,"column":6},"end":{"line":297,"column":7}},"48":{"start":{"line":301,"column":4},"end":{"line":303,"column":5}},"49":{"start":{"line":302,"column":6},"end":{"line":302,"column":25}},"50":{"start":{"line":306,"column":4},"end":{"line":309,"column":6}},"51":{"start":{"line":325,"column":14},"end":{"line":325,"column":32}},"52":{"start":{"line":326,"column":14},"end":{"line":326,"column":33}},"53":{"start":{"line":329,"column":4},"end":{"line":331,"column":5}},"54":{"start":{"line":353,"column":8},"end":{"line":353,"column":12}},"55":{"start":{"line":357,"column":6},"end":{"line":357,"column":24}},"56":{"start":{"line":363,"column":4},"end":{"line":373,"column":5}},"57":{"start":{"line":364,"column":6},"end":{"line":364,"column":23}},"58":{"start":{"line":368,"column":6},"end":{"line":372,"column":7}},"59":{"start":{"line":377,"column":6},"end":{"line":379,"column":8}},"60":{"start":{"line":378,"column":8},"end":{"line":378,"column":32}},"61":{"start":{"line":383,"column":6},"end":{"line":383,"column":36}},"62":{"start":{"line":386,"column":4},"end":{"line":388,"column":5}},"63":{"start":{"line":387,"column":6},"end":{"line":387,"column":21}},"64":{"start":{"line":391,"column":4},"end":{"line":434,"column":5}},"65":{"start":{"line":393,"column":6},"end":{"line":396,"column":7}},"66":{"start":{"line":399,"column":16},"end":{"line":417,"column":7}},"67":{"start":{"line":401,"column":8},"end":{"line":416,"column":10}},"68":{"start":{"line":406,"column":14},"end":{"line":406,"column":19}},"69":{"start":{"line":409,"column":10},"end":{"line":415,"column":11}},"70":{"start":{"line":411,"column":12},"end":{"line":411,"column":55}},"71":{"start":{"line":414,"column":12},"end":{"line":414,"column":28}},"72":{"start":{"line":420,"column":22},"end":{"line":423,"column":7}},"73":{"start":{"line":426,"column":6},"end":{"line":433,"column":7}},"74":{"start":{"line":429,"column":10},"end":{"line":429,"column":53}},"75":{"start":{"line":432,"column":8},"end":{"line":432,"column":44}},"76":{"start":{"line":437,"column":4},"end":{"line":437,"column":36}},"77":{"start":{"line":459,"column":8},"end":{"line":459,"column":12}},"78":{"start":{"line":462,"column":6},"end":{"line":462,"column":36}},"79":{"start":{"line":465,"column":26},"end":{"line":476,"column":5}},"80":{"start":{"line":474,"column":8},"end":{"line":474,"column":23}},"81":{"start":{"line":479,"column":4},"end":{"line":483,"column":5}},"82":{"start":{"line":488,"column":0},"end":{"line":570,"column":1}},"83":{"start":{"line":573,"column":0},"end":{"line":584,"column":1}}},"fnMap":{"0":{"name":"(anonymous_0)","decl":{"start":{"line":15,"column":2},"end":{"line":15,"column":3}},"loc":{"start":{"line":15,"column":22},"end":{"line":49,"column":3}},"line":15},"1":{"name":"(anonymous_1)","decl":{"start":{"line":52,"column":2},"end":{"line":52,"column":3}},"loc":{"start":{"line":52,"column":23},"end":{"line":77,"column":3}},"line":52},"2":{"name":"(anonymous_2)","decl":{"start":{"line":80,"column":2},"end":{"line":80,"column":3}},"loc":{"start":{"line":80,"column":26},"end":{"line":105,"column":3}},"line":80},"3":{"name":"(anonymous_3)","decl":{"start":{"line":108,"column":2},"end":{"line":108,"column":3}},"loc":{"start":{"line":108,"column":38},"end":{"line":158,"column":3}},"line":108},"4":{"name":"(anonymous_4)","decl":{"start":{"line":163,"column":2},"end":{"line":163,"column":3}},"loc":{"start":{"line":163,"column":23},"end":{"line":175,"column":3}},"line":163},"5":{"name":"(anonymous_5)","decl":{"start":{"line":180,"column":2},"end":{"line":180,"column":3}},"loc":{"start":{"line":180,"column":26},"end":{"line":195,"column":3}},"line":180},"6":{"name":"(anonymous_6)","decl":{"start":{"line":200,"column":2},"end":{"line":200,"column":3}},"loc":{"start":{"line":200,"column":21},"end":{"line":215,"column":3}},"line":200},"7":{"name":"(anonymous_7)","decl":{"start":{"line":220,"column":2},"end":{"line":220,"column":3}},"loc":{"start":{"line":220,"column":22},"end":{"line":232,"column":3}},"line":220},"8":{"name":"(anonymous_8)","decl":{"start":{"line":237,"column":2},"end":{"line":237,"column":3}},"loc":{"start":{"line":237,"column":27},"end":{"line":268,"column":3}},"line":237},"9":{"name":"(anonymous_9)","decl":{"start":{"line":273,"column":2},"end":{"line":273,"column":3}},"loc":{"start":{"line":273,"column":20},"end":{"line":310,"column":3}},"line":273},"10":{"name":"(anonymous_10)","decl":{"start":{"line":324,"column":2},"end":{"line":324,"column":3}},"loc":{"start":{"line":324,"column":34},"end":{"line":332,"column":3}},"line":324},"11":{"name":"(anonymous_11)","decl":{"start":{"line":348,"column":2},"end":{"line":348,"column":3}},"loc":{"start":{"line":348,"column":51},"end":{"line":438,"column":3}},"line":348},"12":{"name":"(anonymous_12)","decl":{"start":{"line":377,"column":15},"end":{"line":377,"column":16}},"loc":{"start":{"line":377,"column":25},"end":{"line":379,"column":7}},"line":377},"13":{"name":"(anonymous_13)","decl":{"start":{"line":394,"column":17},"end":{"line":394,"column":18}},"loc":{"start":{"line":394,"column":23},"end":{"line":394,"column":25}},"line":394},"14":{"name":"(anonymous_14)","decl":{"start":{"line":395,"column":19},"end":{"line":395,"column":20}},"loc":{"start":{"line":395,"column":25},"end":{"line":395,"column":27}},"line":395},"15":{"name":"(anonymous_15)","decl":{"start":{"line":399,"column":16},"end":{"line":399,"column":17}},"loc":{"start":{"line":399,"column":34},"end":{"line":417,"column":7}},"line":399},"16":{"name":"(anonymous_16)","decl":{"start":{"line":401,"column":24},"end":{"line":401,"column":25}},"loc":{"start":{"line":401,"column":40},"end":{"line":416,"column":9}},"line":401},"17":{"name":"(anonymous_17)","decl":{"start":{"line":446,"column":2},"end":{"line":446,"column":3}},"loc":{"start":{"line":446,"column":12},"end":{"line":484,"column":3}},"line":446},"18":{"name":"(anonymous_18)","decl":{"start":{"line":473,"column":11},"end":{"line":473,"column":12}},"loc":{"start":{"line":473,"column":19},"end":{"line":475,"column":7}},"line":473},"19":{"name":"(anonymous_19)","decl":{"start":{"line":581,"column":14},"end":{"line":581,"column":15}},"loc":{"start":{"line":581,"column":20},"end":{"line":581,"column":22}},"line":581},"20":{"name":"(anonymous_20)","decl":{"start":{"line":582,"column":18},"end":{"line":582,"column":19}},"loc":{"start":{"line":582,"column":24},"end":{"line":582,"column":26}},"line":582},"21":{"name":"(anonymous_21)","decl":{"start":{"line":583,"column":10},"end":{"line":583,"column":11}},"loc":{"start":{"line":583,"column":16},"end":{"line":583,"column":18}},"line":583}},"branchMap":{"0":{"loc":{"start":{"line":108,"column":22},"end":{"line":108,"column":36}},"type":"default-arg","locations":[{"start":{"line":108,"column":34},"end":{"line":108,"column":36}}],"line":108},"1":{"loc":{"start":{"line":135,"column":4},"end":{"line":142,"column":5}},"type":"if","locations":[{"start":{"line":135,"column":4},"end":{"line":142,"column":5}},{"start":{"line":135,"column":4},"end":{"line":142,"column":5}}],"line":135},"2":{"loc":{"start":{"line":145,"column":4},"end":{"line":157,"column":5}},"type":"if","locations":[{"start":{"line":145,"column":4},"end":{"line":157,"column":5}},{"start":{"line":145,"column":4},"end":{"line":157,"column":5}}],"line":145},"3":{"loc":{"start":{"line":146,"column":6},"end":{"line":147,"column":35}},"type":"binary-expr","locations":[{"start":{"line":146,"column":6},"end":{"line":146,"column":35}},{"start":{"line":147,"column":6},"end":{"line":147,"column":35}}],"line":146},"4":{"loc":{"start":{"line":229,"column":4},"end":{"line":231,"column":5}},"type":"if","locations":[{"start":{"line":229,"column":4},"end":{"line":231,"column":5}},{"start":{"line":229,"column":4},"end":{"line":231,"column":5}}],"line":229},"5":{"loc":{"start":{"line":237,"column":15},"end":{"line":237,"column":25}},"type":"default-arg","locations":[{"start":{"line":237,"column":23},"end":{"line":237,"column":25}}],"line":237},"6":{"loc":{"start":{"line":257,"column":4},"end":{"line":259,"column":5}},"type":"if","locations":[{"start":{"line":257,"column":4},"end":{"line":259,"column":5}},{"start":{"line":257,"column":4},"end":{"line":259,"column":5}}],"line":257},"7":{"loc":{"start":{"line":262,"column":4},"end":{"line":267,"column":5}},"type":"if","locations":[{"start":{"line":262,"column":4},"end":{"line":267,"column":5}},{"start":{"line":262,"column":4},"end":{"line":267,"column":5}}],"line":262},"8":{"loc":{"start":{"line":292,"column":4},"end":{"line":298,"column":5}},"type":"if","locations":[{"start":{"line":292,"column":4},"end":{"line":298,"column":5}},{"start":{"line":292,"column":4},"end":{"line":298,"column":5}}],"line":292},"9":{"loc":{"start":{"line":294,"column":8},"end":{"line":296,"column":33}},"type":"cond-expr","locations":[{"start":{"line":295,"column":12},"end":{"line":295,"column":54}},{"start":{"line":296,"column":12},"end":{"line":296,"column":33}}],"line":294},"10":{"loc":{"start":{"line":301,"column":4},"end":{"line":303,"column":5}},"type":"if","locations":[{"start":{"line":301,"column":4},"end":{"line":303,"column":5}},{"start":{"line":301,"column":4},"end":{"line":303,"column":5}}],"line":301},"11":{"loc":{"start":{"line":325,"column":14},"end":{"line":325,"column":32}},"type":"binary-expr","locations":[{"start":{"line":325,"column":14},"end":{"line":325,"column":27}},{"start":{"line":325,"column":31},"end":{"line":325,"column":32}}],"line":325},"12":{"loc":{"start":{"line":326,"column":14},"end":{"line":326,"column":33}},"type":"binary-expr","locations":[{"start":{"line":326,"column":14},"end":{"line":326,"column":28}},{"start":{"line":326,"column":32},"end":{"line":326,"column":33}}],"line":326},"13":{"loc":{"start":{"line":363,"column":4},"end":{"line":373,"column":5}},"type":"if","locations":[{"start":{"line":363,"column":4},"end":{"line":373,"column":5}},{"start":{"line":363,"column":4},"end":{"line":373,"column":5}}],"line":363},"14":{"loc":{"start":{"line":378,"column":15},"end":{"line":378,"column":32}},"type":"binary-expr","locations":[{"start":{"line":378,"column":15},"end":{"line":378,"column":27}},{"start":{"line":378,"column":31},"end":{"line":378,"column":32}}],"line":378},"15":{"loc":{"start":{"line":386,"column":4},"end":{"line":388,"column":5}},"type":"if","locations":[{"start":{"line":386,"column":4},"end":{"line":388,"column":5}},{"start":{"line":386,"column":4},"end":{"line":388,"column":5}}],"line":386},"16":{"loc":{"start":{"line":391,"column":4},"end":{"line":434,"column":5}},"type":"if","locations":[{"start":{"line":391,"column":4},"end":{"line":434,"column":5}},{"start":{"line":391,"column":4},"end":{"line":434,"column":5}}],"line":391},"17":{"loc":{"start":{"line":399,"column":17},"end":{"line":399,"column":29}},"type":"default-arg","locations":[{"start":{"line":399,"column":27},"end":{"line":399,"column":29}}],"line":399},"18":{"loc":{"start":{"line":401,"column":25},"end":{"line":401,"column":35}},"type":"default-arg","locations":[{"start":{"line":401,"column":33},"end":{"line":401,"column":35}}],"line":401},"19":{"loc":{"start":{"line":409,"column":10},"end":{"line":415,"column":11}},"type":"if","locations":[{"start":{"line":409,"column":10},"end":{"line":415,"column":11}},{"start":{"line":409,"column":10},"end":{"line":415,"column":11}}],"line":409},"20":{"loc":{"start":{"line":426,"column":6},"end":{"line":433,"column":7}},"type":"if","locations":[{"start":{"line":426,"column":6},"end":{"line":433,"column":7}},{"start":{"line":426,"column":6},"end":{"line":433,"column":7}}],"line":426}},"s":{"0":1,"1":1,"2":1,"3":1,"4":1,"5":1,"6":2,"7":2,"8":2,"9":2,"10":1,"11":1,"12":1,"13":1,"14":1,"15":1,"16":1,"17":1,"18":1,"19":1,"20":1,"21":1,"22":1,"23":1,"24":1,"25":3,"26":3,"27":3,"28":2,"29":2,"30":2,"31":2,"32":1,"33":1,"34":1,"35":1,"36":1,"37":1,"38":2,"39":2,"40":2,"41":1,"42":2,"43":1,"44":3,"45":3,"46":3,"47":3,"48":3,"49":3,"50":3,"51":1,"52":1,"53":1,"54":5,"55":5,"56":5,"57":0,"58":5,"59":5,"60":5,"61":5,"62":5,"63":2,"64":5,"65":2,"66":2,"67":2,"68":2,"69":2,"70":2,"71":2,"72":2,"73":2,"74":2,"75":2,"76":5,"77":1,"78":1,"79":1,"80":1,"81":1,"82":1,"83":1},"f":{"0":1,"1":2,"2":1,"3":1,"4":3,"5":2,"6":1,"7":1,"8":2,"9":3,"10":1,"11":5,"12":5,"13":0,"14":2,"15":2,"16":2,"17":1,"18":1,"19":0,"20":0,"21":0},"b":{"0":[0],"1":[1,0],"2":[1,0],"3":[1,0],"4":[1,0],"5":[0],"6":[1,1],"7":[1,1],"8":[3,0],"9":[2,1],"10":[3,0],"11":[1,0],"12":[1,0],"13":[0,5],"14":[5,0],"15":[2,3],"16":[2,3],"17":[0],"18":[0],"19":[2,0],"20":[2,0]},"_coverageSchema":"332fd63041d2c1bcb487cc26dd0d5f7d97098a6c","hash":"2d0cff1194567dae4c04f9292e80b19b977bdec7"}
}
