TN:
SF:/Users/tandemseven/T7/t7-components/image/source/index.js
FN:377,(anonymous_27)
FN:392,f
FN:394,(anonymous_29)
FN:463,ref
FN:571,onFallback
FN:572,onIntersection
FN:573,onLoad
FNF:7
FNH:0
FNDA:0,(anonymous_27)
FNDA:0,f
FNDA:0,(anonymous_29)
FNDA:0,ref
FNDA:0,onFallback
FNDA:0,onIntersection
FNDA:0,onLoad
DA:2,0
DA:3,0
DA:6,0
DA:15,0
DA:17,0
DA:20,0
DA:27,0
DA:34,0
DA:41,0
DA:48,0
DA:52,0
DA:66,0
DA:70,0
DA:73,0
DA:76,0
DA:80,0
DA:94,0
DA:98,0
DA:101,0
DA:104,0
DA:108,0
DA:114,0
DA:132,0
DA:135,0
DA:136,0
DA:139,0
DA:141,0
DA:145,0
DA:150,0
DA:153,0
DA:155,0
DA:156,0
DA:171,0
DA:173,0
DA:174,0
DA:190,0
DA:192,0
DA:193,0
DA:194,0
DA:208,0
DA:211,0
DA:214,0
DA:227,0
DA:229,0
DA:230,0
DA:237,0
DA:250,0
DA:253,0
DA:257,0
DA:258,0
DA:262,0
DA:263,0
DA:273,0
DA:286,0
DA:289,0
DA:292,0
DA:293,0
DA:301,0
DA:302,0
DA:306,0
DA:325,0
DA:326,0
DA:329,0
DA:353,0
DA:357,0
DA:363,0
DA:364,0
DA:368,0
DA:377,0
DA:378,0
DA:383,0
DA:385,0
DA:386,0
DA:390,0
DA:392,0
DA:394,0
DA:399,0
DA:402,0
DA:404,0
DA:407,0
DA:413,0
DA:420,0
DA:423,0
DA:427,0
DA:438,0
DA:451,0
DA:454,0
DA:457,0
DA:464,0
DA:469,0
DA:478,0
DA:563,0
LF:92
LH:0
BRDA:108,0,0,0
BRDA:108,0,1,0
BRDA:108,1,0,0
BRDA:108,1,1,0
BRDA:135,2,0,0
BRDA:135,2,1,0
BRDA:145,3,0,0
BRDA:145,3,1,0
BRDA:146,4,0,0
BRDA:146,4,1,0
BRDA:229,5,0,0
BRDA:229,5,1,0
BRDA:237,6,0,0
BRDA:237,6,1,0
BRDA:237,7,0,0
BRDA:237,7,1,0
BRDA:257,8,0,0
BRDA:257,8,1,0
BRDA:262,9,0,0
BRDA:262,9,1,0
BRDA:292,10,0,0
BRDA:292,10,1,0
BRDA:294,11,0,0
BRDA:294,11,1,0
BRDA:301,12,0,0
BRDA:301,12,1,0
BRDA:325,13,0,0
BRDA:325,13,1,0
BRDA:326,14,0,0
BRDA:326,14,1,0
BRDA:363,15,0,0
BRDA:363,15,1,0
BRDA:378,16,0,0
BRDA:378,16,1,0
BRDA:385,17,0,0
BRDA:385,17,1,0
BRDA:390,18,0,0
BRDA:390,18,1,0
BRDA:392,19,0,0
BRDA:392,19,1,0
BRDA:392,20,0,0
BRDA:392,20,1,0
BRDA:394,21,0,0
BRDA:394,21,1,0
BRDA:394,22,0,0
BRDA:394,22,1,0
BRDA:402,23,0,0
BRDA:402,23,1,0
BRF:48
BRH:0
end_of_record
