TN:
SF:/Users/tandemseven/T7/t7-components/image/source/index.js
FN:19,(anonymous_0)
FN:51,(anonymous_1)
FN:72,(anonymous_2)
FN:94,(anonymous_3)
FN:139,(anonymous_4)
FN:147,(anonymous_5)
FN:156,(anonymous_6)
FN:167,(anonymous_7)
FN:180,(anonymous_8)
FN:202,(anonymous_9)
FN:252,(anonymous_10)
FN:276,(anonymous_11)
FN:313,(anonymous_12)
FN:329,(anonymous_13)
FN:330,(anonymous_14)
FN:371,(anonymous_15)
FN:498,(anonymous_16)
FN:499,(anonymous_17)
FN:500,(anonymous_18)
FNF:19
FNH:16
FNDA:1,(anonymous_0)
FNDA:2,(anonymous_1)
FNDA:1,(anonymous_2)
FNDA:1,(anonymous_3)
FNDA:3,(anonymous_4)
FNDA:2,(anonymous_5)
FNDA:1,(anonymous_6)
FNDA:1,(anonymous_7)
FNDA:2,(anonymous_8)
FNDA:1,(anonymous_9)
FNDA:1,(anonymous_10)
FNDA:6,(anonymous_11)
FNDA:9,(anonymous_12)
FNDA:3,(anonymous_13)
FNDA:3,(anonymous_14)
FNDA:1,(anonymous_15)
FNDA:0,(anonymous_16)
FNDA:0,(anonymous_17)
FNDA:0,(anonymous_18)
DA:9,1
DA:10,1
DA:21,1
DA:24,1
DA:31,1
DA:38,1
DA:45,1
DA:52,2
DA:56,2
DA:63,2
DA:66,2
DA:75,1
DA:82,1
DA:85,1
DA:88,1
DA:96,1
DA:98,1
DA:101,1
DA:104,1
DA:108,1
DA:114,1
DA:122,1
DA:129,1
DA:132,1
DA:140,3
DA:141,3
DA:148,2
DA:149,2
DA:150,2
DA:158,1
DA:161,1
DA:168,1
DA:170,1
DA:173,1
DA:182,2
DA:186,2
DA:187,1
DA:191,2
DA:192,1
DA:204,1
DA:209,1
DA:212,1
DA:215,1
DA:218,1
DA:220,1
DA:229,1
DA:230,1
DA:234,1
DA:253,1
DA:254,1
DA:257,1
DA:279,6
DA:285,6
DA:286,1
DA:290,6
DA:293,6
DA:299,6
DA:300,1
DA:304,5
DA:313,6
DA:314,9
DA:319,6
DA:322,6
DA:323,3
DA:327,6
DA:329,3
DA:330,3
DA:335,3
DA:337,3
DA:339,3
DA:343,3
DA:350,3
DA:357,3
DA:362,6
DA:374,1
DA:377,1
DA:389,1
DA:396,1
DA:489,1
LF:79
LH:79
BRDA:96,0,0,1
BRDA:96,0,1,0
BRDA:108,1,0,1
BRDA:108,1,1,0
BRDA:109,2,0,1
BRDA:109,2,1,0
BRDA:168,3,0,1
BRDA:168,3,1,0
BRDA:186,4,0,1
BRDA:186,4,1,1
BRDA:191,5,0,1
BRDA:191,5,1,1
BRDA:218,6,0,1
BRDA:218,6,1,0
BRDA:222,7,0,0
BRDA:222,7,1,1
BRDA:229,8,0,1
BRDA:229,8,1,0
BRDA:253,9,0,1
BRDA:253,9,1,0
BRDA:254,10,0,1
BRDA:254,10,1,0
BRDA:279,11,0,0
BRDA:279,11,1,6
BRDA:285,12,0,1
BRDA:285,12,1,5
BRDA:299,13,0,1
BRDA:299,13,1,5
BRDA:314,14,0,9
BRDA:314,14,1,0
BRDA:322,15,0,3
BRDA:322,15,1,3
BRDA:327,16,0,3
BRDA:327,16,1,3
BRDA:337,17,0,3
BRDA:337,17,1,0
BRDA:339,18,0,3
BRDA:339,18,1,0
BRDA:343,19,0,3
BRDA:343,19,1,0
BRF:40
BRH:26
end_of_record
